<testng-results>
  <reporter-output>
  </reporter-output>
  <suite name="Command line suite">
    <groups>
    </groups>
    <test name="Command line test">
      <class name="org.sonatype.rest.tests.JAXRSModuleTest">
        <test-method status="PASS" signature="testPost()" name="testPost" duration-ms="9" started-at="2011-01-21T08:32:59Z" finished-at="2011-01-21T08:32:59Z">
        </test-method>
        <test-method status="PASS" signature="setUpGlobal()" name="setUpGlobal" is-config="true" duration-ms="1341" started-at="2011-01-21T08:32:57Z" finished-at="2011-01-21T08:32:58Z">
        </test-method>
        <test-method status="PASS" signature="testGet()" name="testGet" duration-ms="177" started-at="2011-01-21T08:32:58Z" finished-at="2011-01-21T08:32:59Z">
        </test-method>
        <test-method status="PASS" signature="testInvalidPost()" name="testInvalidPost" duration-ms="14" started-at="2011-01-21T08:32:59Z" finished-at="2011-01-21T08:32:59Z">
        </test-method>
        <test-method status="PASS" signature="testDelete()" name="testDelete" duration-ms="25" started-at="2011-01-21T08:32:59Z" finished-at="2011-01-21T08:32:59Z">
        </test-method>
        <test-method status="PASS" signature="testPut()" name="testPut" duration-ms="245" started-at="2011-01-21T08:32:58Z" finished-at="2011-01-21T08:32:58Z">
        </test-method>
        <test-method status="PASS" signature="testInvalidBookGet()" name="testInvalidBookGet" duration-ms="10" started-at="2011-01-21T08:32:59Z" finished-at="2011-01-21T08:32:59Z">
        </test-method>
        <test-method status="PASS" signature="tearDown()" name="tearDown" is-config="true" duration-ms="57" started-at="2011-01-21T08:32:59Z" finished-at="2011-01-21T08:32:59Z">
        </test-method>
      </class>
    </test>
  </suite>
</testng-results>
