<?xml version="1.0" encoding="UTF-8" ?>
<testsuite failures="0" time="2.278" errors="0" skipped="0" tests="6" name="TestSuite">
  <properties>
[...]
</properties>
  <testcase time="0.245" classname="org.sonatype.rest.tests.JAXRSModuleTest" name="testPut"/>
  <testcase time="0.177" classname="org.sonatype.rest.tests.JAXRSModuleTest" name="testGet"/>
  <testcase time="0.014" classname="org.sonatype.rest.tests.JAXRSModuleTest" name="testInvalidPost"/>
  <testcase time="0.009" classname="org.sonatype.rest.tests.JAXRSModuleTest" name="testPost"/>
  <testcase time="0.01" classname="org.sonatype.rest.tests.JAXRSModuleTest" name="testInvalidBookGet"/>
  <testcase time="0.025" classname="org.sonatype.rest.tests.JAXRSModuleTest" name="testDelete"/>
</testsuite>