<?xml version="1.0" encoding="UTF-8"?>
<testsuite name="Command line test" failures="0" tests="6" time="1.888" errors="0">
  <properties/>
  <testcase name="testPut" time="0.245" classname="org.sonatype.rest.tests.JAXRSModuleTest"/>
  <testcase name="testGet" time="0.177" classname="org.sonatype.rest.tests.JAXRSModuleTest"/>
  <testcase name="testInvalidPost" time="0.014" classname="org.sonatype.rest.tests.JAXRSModuleTest"/>
  <testcase name="testPost" time="0.0090" classname="org.sonatype.rest.tests.JAXRSModuleTest"/>
  <testcase name="testInvalidBookGet" time="0.01" classname="org.sonatype.rest.tests.JAXRSModuleTest"/>
  <testcase name="testDelete" time="0.025" classname="org.sonatype.rest.tests.JAXRSModuleTest"/>
</testsuite>
